<?xml version="1.0" encoding="UTF-8"?>
<!-- Generated by org.testng.reporters.JUnitXMLReporter -->
<testsuite hostname="Arunkumar" ignored="0" name="Page Object Model Project" tests="3" failures="1" timestamp="12 Mar 2018 10:33:05 GMT" time="38.282" errors="0">
  <testcase name="beforeMethod" time="33.598" classname="homepage.LoginTest"/>
  <testcase name="verifyhomepagetitle" time="0.043" classname="homepage.LoginTest"/>
  <testcase name="login" time="4.515" classname="homepage.LoginTest">
    <failure type="java.lang.NullPointerException">
      <![CDATA[java.lang.NullPointerException
	at com.google.common.base.Preconditions.checkNotNull(Preconditions.java:882)
	at org.openqa.selenium.interactions.Actions.<init>(Actions.java:68)
	at homepage.Singinorlogin.login(Singinorlogin.java:103)
	at homepage.LoginTest.login(LoginTest.java:68)
... Removed 25 stack frames]]>
    </failure>
  </testcase> <!-- login -->
</testsuite> <!-- Page Object Model Project -->
